<?xml version="1.0" encoding="UTF-8"?>
<!-- Generated by org.testng.reporters.JUnitReportReporter -->
<testsuite hostname="Mariana" failures="0" tests="4" name="test.com.PriceTranparencyTest" time="10.552" errors="0" timestamp="24 May 2023 17:55:46 GMT">
  <testcase classname="test.com.PriceTranparencyTest" name="testPriceEstimator" time="4.780"/>
  <testcase classname="test.com.PriceTranparencyTest" name="testAscensionHomepage" time="2.962"/>
  <testcase classname="test.com.PriceTranparencyTest" name="testPriceTransparencyPage" time="1.288"/>
  <testcase classname="test.com.PriceTranparencyTest" name="testPriceEstimatorPage" time="1.522"/>
</testsuite> <!-- test.com.PriceTranparencyTest -->
