<?xml version="1.0" encoding="UTF-8"?>
<!-- Generated by org.testng.reporters.JUnitReportReporter -->
<testsuite hostname="Mariana" failures="0" tests="2" name="test.com.AmitaTest" time="14.503" errors="0" timestamp="24 May 2023 17:55:46 GMT">
  <testcase classname="test.com.AmitaTest" name="testFindLocation" time="6.084"/>
  <testcase classname="test.com.AmitaTest" name="testBillPay" time="8.419"/>
</testsuite> <!-- test.com.AmitaTest -->
