<?xml version="1.0" encoding="UTF-8"?>
<!-- Generated by org.testng.reporters.JUnitReportReporter -->
<testsuite hostname="Mariana" failures="0" tests="1" name="test.com.CareerTest" time="26.239" errors="0" timestamp="24 May 2023 17:55:46 GMT">
  <testcase classname="test.com.CareerTest" name="testCareesrTestCase" time="26.239"/>
</testsuite> <!-- test.com.CareerTest -->
