<?xml version="1.0" encoding="UTF-8"?>
<!-- Generated by org.testng.reporters.JUnitReportReporter -->
<testsuite hostname="Mariana" failures="0" tests="1" name="test.com.FirstSelTest" time="18.970" errors="0" timestamp="24 May 2023 17:55:46 GMT">
  <testcase classname="test.com.FirstSelTest" name="OpenBrowser" time="18.970"/>
</testsuite> <!-- test.com.FirstSelTest -->
